Performing C SOURCE FILE Test COMPILER_HAS_THOSE_TOGGLES failed with the following output:
Change Dir: C:/Users/gerog/Desktop/Damaschinas/cmake-build-debug/CMakeFiles/CMakeTmp

Run Build Command(s):nmake -f Makefile /nologo cmTC_5f79c\fast && 	"C:\Program Files\Microsoft Visual Studio\2022\Community\VC\Tools\MSVC\14.30.30705\bin\HostX86\x86\nmake.exe"  -f CMakeFiles\cmTC_5f79c.dir\build.make /nologo -L                  CMakeFiles\cmTC_5f79c.dir\build
Building C object CMakeFiles/cmTC_5f79c.dir/src.c.obj
	"D:\Clion\CLion 2021.2.3\bin\cmake\win\bin\cmake.exe" -E cmake_cl_compile_depends --dep-file=CMakeFiles\cmTC_5f79c.dir\src.c.obj.d --working-dir=C:\Users\gerog\Desktop\Damaschinas\cmake-build-debug\CMakeFiles\CMakeTmp --filter-prefix="" -- C:\PROGRA~1\MIB055~1\2022\COMMUN~1\VC\Tools\MSVC\1430~1.307\bin\Hostx86\x86\cl.exe @C:\Users\gerog\AppData\Local\Temp\nmEC5A.tmp
cl : Command line error D8021 : invalid numeric argument '/Werror=pointer-arith'
NMAKE : fatal error U1077: '"D:\Clion\CLion 2021.2.3\bin\cmake\win\bin\cmake.exe"' : return code '0x2'
Stop.
NMAKE : fatal error U1077: '"C:\Program Files\Microsoft Visual Studio\2022\Community\VC\Tools\MSVC\14.30.30705\bin\HostX86\x86\nmake.exe"' : return code '0x2'
Stop.


Source file was:
int main(void) { return 0; }
Determining if the include file pthread.h exists failed with the following output:
Change Dir: C:/Users/gerog/Desktop/Damaschinas/cmake-build-debug/CMakeFiles/CMakeTmp

Run Build Command(s):nmake -f Makefile /nologo cmTC_19378\fast && 	"C:\Program Files\Microsoft Visual Studio\2022\Community\VC\Tools\MSVC\14.30.30705\bin\HostX86\x86\nmake.exe"  -f CMakeFiles\cmTC_19378.dir\build.make /nologo -L                  CMakeFiles\cmTC_19378.dir\build
Building C object CMakeFiles/cmTC_19378.dir/CheckIncludeFile.c.obj
	"D:\Clion\CLion 2021.2.3\bin\cmake\win\bin\cmake.exe" -E cmake_cl_compile_depends --dep-file=CMakeFiles\cmTC_19378.dir\CheckIncludeFile.c.obj.d --working-dir=C:\Users\gerog\Desktop\Damaschinas\cmake-build-debug\CMakeFiles\CMakeTmp --filter-prefix="" -- C:\PROGRA~1\MIB055~1\2022\COMMUN~1\VC\Tools\MSVC\1430~1.307\bin\Hostx86\x86\cl.exe @C:\Users\gerog\AppData\Local\Temp\nmEDB2.tmp
NMAKE : fatal error U1077: '"D:\Clion\CLion 2021.2.3\bin\cmake\win\bin\cmake.exe"' : return code '0x2'
Stop.
NMAKE : fatal error U1077: '"C:\Program Files\Microsoft Visual Studio\2022\Community\VC\Tools\MSVC\14.30.30705\bin\HostX86\x86\nmake.exe"' : return code '0x2'
Stop.



